<?xml version="1.0" encoding="UTF-8"?>
<!-- Generated by org.testng.reporters.JUnitReportReporter -->
<testsuite hostname="RACD-002157" name="Google.Go.SearchPage" tests="3" failures="0" timestamp="9 Aug 2019 09:57:56 GMT" time="12.330" errors="0">
  <testcase name="googleSearch" time="3.772" classname="Google.Go.SearchPage"/>
  <testcase name="verifyGitLabURL" time="4.838" classname="Google.Go.SearchPage"/>
  <testcase name="verifyGoogleSearchTextBox" time="3.720" classname="Google.Go.SearchPage"/>
</testsuite> <!-- Google.Go.SearchPage -->
