<?xml version="1.0" encoding="UTF-8"?>
<!-- Generated by org.testng.reporters.JUnitReportReporter -->
<testsuite hostname="RACD-002157" name="Google.Go.SearchPage" tests="3" failures="0" timestamp="9 Aug 2019 10:08:56 GMT" time="13.701" errors="0">
  <testcase name="googleSearch" time="4.060" classname="Google.Go.SearchPage"/>
  <testcase name="verifyGoogleSearchTextBox" time="4.259" classname="Google.Go.SearchPage"/>
  <testcase name="verifyGitLabURL" time="5.382" classname="Google.Go.SearchPage"/>
</testsuite> <!-- Google.Go.SearchPage -->
