<?xml version="1.0" encoding="UTF-8"?>
<!-- Generated by org.testng.reporters.JUnitReportReporter -->
<testsuite hostname="RACD-002157" name="Google.Go.SearchPage" tests="3" failures="0" timestamp="9 Aug 2019 12:41:47 GMT" time="12.451" errors="0">
  <testcase name="googleSearch" time="3.869" classname="Google.Go.SearchPage"/>
  <testcase name="verifyGoogleSearchTextBox" time="4.053" classname="Google.Go.SearchPage"/>
  <testcase name="verifyGitLabURL" time="4.529" classname="Google.Go.SearchPage"/>
</testsuite> <!-- Google.Go.SearchPage -->
